{"name": "test_login", "status": "failed", "statusDetails": {"message": "AssertionError: ❌ 'dashboard' not found in URL. Actual URL: https://opensource-demo.orangehrmlive.com/web/index.php/dashboard/index\nassert 'dashboard1' in 'https://opensource-demo.orangehrmlive.com/web/index.php/dashboard/index'\n +  where 'https://opensource-demo.orangehrmlive.com/web/index.php/dashboard/index' = <built-in method lower of str object at 0x000001EE33934B30>()\n +    where <built-in method lower of str object at 0x000001EE33934B30> = 'https://opensource-demo.orangehrmlive.com/web/index.php/dashboard/index'.lower", "trace": "self = <test_login.TestLogin object at 0x000001EE338F6A10>\n\n    def test_login(self):\n        driver: WebDriver = self.driver\n        driver.get(utils.URL)\n    \n        # Screenshot before login\n        take_screenshot(driver, \"login_page\")\n    \n        login = LoginPage(driver)\n        login.enter_username(utils.USERNAME)\n        login.enter_password(utils.PASSWORD)\n        login.click_login()\n    \n        # Screenshot after login\n        take_screenshot(driver, \"after_login\")\n    \n        # Assert dashboard URL\n        current_url = driver.current_url\n>       assert \"dashboard1\" in current_url.lower(), f\"❌ 'dashboard' not found in URL. Actual URL: {current_url}\"\nE       AssertionError: ❌ 'dashboard' not found in URL. Actual URL: https://opensource-demo.orangehrmlive.com/web/index.php/dashboard/index\nE       assert 'dashboard1' in 'https://opensource-demo.orangehrmlive.com/web/index.php/dashboard/index'\nE        +  where 'https://opensource-demo.orangehrmlive.com/web/index.php/dashboard/index' = <built-in method lower of str object at 0x000001EE33934B30>()\nE        +    where <built-in method lower of str object at 0x000001EE33934B30> = 'https://opensource-demo.orangehrmlive.com/web/index.php/dashboard/index'.lower\n\ntests\\test_login.py:28: AssertionError"}, "attachments": [{"name": "login_page_17-23-24_10-07-2025.png", "source": "42f2881f-04c7-4ae1-bf26-1f9d87eddc10-attachment.png", "type": "image/png"}, {"name": "after_login_17-23-24_10-07-2025.png", "source": "1eb9f63a-70bd-4785-9fe0-47b70d6dcbbb-attachment.png", "type": "image/png"}, {"name": "test_login_17-23-25_10-07-2025.png", "source": "d20ec852-bd23-425d-9245-ac3ae0f6bd81-attachment.png", "type": "image/png"}, {"name": "stdout", "source": "2918b1ea-b384-493e-afd6-bda496c6d742-attachment.txt", "type": "text/plain"}], "start": 1759872202661, "stop": 1759872205454, "uuid": "8e6199ba-2332-4eea-873d-1ea0e4832852", "historyId": "2116f0ad00ab1de0effc54f114dd9496", "testCaseId": "2116f0ad00ab1de0effc54f114dd9496", "fullName": "tests.test_login.TestLogin#test_login", "labels": [{"name": "parentSuite", "value": "tests"}, {"name": "suite", "value": "test_login"}, {"name": "subSuite", "value": "TestLogin"}, {"name": "host", "value": "DESKTOP-EQ3CCLK"}, {"name": "thread", "value": "17464-MainThread"}, {"name": "framework", "value": "pytest"}, {"name": "language", "value": "cpython3"}, {"name": "package", "value": "tests.test_login"}], "titlePath": ["tests", "test_login.py", "TestLogin"]}